<?xml version="1.0" encoding="UTF-8"?>
<testng-results skipped="0" failed="0" ignored="0" total="1" passed="1">
  <reporter-output>
  </reporter-output>
  <suite name="Default suite" duration-ms="50214" started-at="2019-02-04T07:15:04Z" finished-at="2019-02-04T07:15:54Z">
    <groups>
    </groups>
    <test name="Default test" duration-ms="50214" started-at="2019-02-04T07:15:04Z" finished-at="2019-02-04T07:15:54Z">
      <class name="com.TestNGScript.file.HomeAmazon">
        <test-method status="PASS" signature="homepage()[pri:0, instance:com.TestNGScript.file.HomeAmazon@735b5592]" name="homepage" duration-ms="50155" started-at="2019-02-04T12:45:04Z" finished-at="2019-02-04T12:45:54Z">
          <reporter-output>
          </reporter-output>
        </test-method> <!-- homepage -->
      </class> <!-- com.TestNGScript.file.HomeAmazon -->
    </test> <!-- Default test -->
  </suite> <!-- Default suite -->
</testng-results>
